[0210/143534:ERROR:chrome_profile_stub.cc(25)] NOT IMPLEMENTED
[0210/143534:ERROR:chrome_profile_stub.cc(25)] NOT IMPLEMENTED
[0210/143534:ERROR:chrome_profile_stub.cc(25)] NOT IMPLEMENTED
[0210/144834:ERROR:chrome_profile_stub.cc(25)] NOT IMPLEMENTED
[0210/144834:ERROR:chrome_profile_stub.cc(25)] NOT IMPLEMENTED
[0210/144834:ERROR:chrome_profile_stub.cc(25)] NOT IMPLEMENTED
[0210/145420:WARNING:audio_sync_reader.cc(134)] AudioSyncReader::Read timed out, audio glitch count=1
[0210/211421:ERROR:chrome_profile_stub.cc(25)] NOT IMPLEMENTED
[0210/211421:ERROR:chrome_profile_stub.cc(25)] NOT IMPLEMENTED
[0210/211421:ERROR:chrome_profile_stub.cc(25)] NOT IMPLEMENTED
[0211/130312:FATAL:root_window_win.cc(316)] Check failed: hwnd_. 

[0211/130743:FATAL:root_window_win.cc(315)] Check failed: hwnd_. 

[0211/132012:FATAL:root_window_win.cc(315)] Check failed: hwnd_. 

[0211/161625:WARNING:quota_manager.cc(1833)] Create directory failed for path
[0211/161625:WARNING:quota_manager.cc(1833)] Create directory failed for path
[0211/161625:WARNING:quota_manager.cc(1833)] Create directory failed for path
[0211/161625:WARNING:quota_manager.cc(1833)] Create directory failed for path
[0211/162154:ERROR:gles2_cmd_decoder.cc(8797)] [.Offscreen-For-WebGL-049C4318]RENDER WARNING: there is no texture bound to the unit 0
[0211/162154:ERROR:gles2_cmd_decoder.cc(8797)] [.Offscreen-For-WebGL-049C4318]RENDER WARNING: there is no texture bound to the unit 0
[0211/162156:ERROR:gles2_cmd_decoder.cc(8797)] [.Offscreen-For-WebGL-049C4318]RENDER WARNING: there is no texture bound to the unit 0
[0211/163154:ERROR:chrome_profile_stub.cc(25)] NOT IMPLEMENTED
[0211/163154:ERROR:chrome_profile_stub.cc(25)] NOT IMPLEMENTED
[0211/163154:ERROR:chrome_profile_stub.cc(25)] NOT IMPLEMENTED
[0211/163204:WARNING:audio_sync_reader.cc(134)] AudioSyncReader::Read timed out, audio glitch count=1
[0211/163204:WARNING:audio_sync_reader.cc(134)] AudioSyncReader::Read timed out, audio glitch count=2
[0211/163204:WARNING:audio_sync_reader.cc(134)] AudioSyncReader::Read timed out, audio glitch count=3
[0211/163204:WARNING:audio_sync_reader.cc(134)] AudioSyncReader::Read timed out, audio glitch count=4
[0211/163204:WARNING:audio_sync_reader.cc(134)] AudioSyncReader::Read timed out, audio glitch count=5
[0211/163346:WARNING:audio_sync_reader.cc(134)] AudioSyncReader::Read timed out, audio glitch count=1
[0211/163346:WARNING:audio_sync_reader.cc(134)] AudioSyncReader::Read timed out, audio glitch count=2
[0211/163346:WARNING:audio_sync_reader.cc(134)] AudioSyncReader::Read timed out, audio glitch count=3
[0211/163458:WARNING:audio_sync_reader.cc(134)] AudioSyncReader::Read timed out, audio glitch count=1
[0211/163458:WARNING:audio_sync_reader.cc(134)] AudioSyncReader::Read timed out, audio glitch count=2
[0211/163458:WARNING:audio_sync_reader.cc(134)] AudioSyncReader::Read timed out, audio glitch count=3
[0211/163458:WARNING:audio_sync_reader.cc(134)] AudioSyncReader::Read timed out, audio glitch count=4
[0211/163458:WARNING:audio_sync_reader.cc(134)] AudioSyncReader::Read timed out, audio glitch count=5
[0211/163458:WARNING:audio_sync_reader.cc(134)] AudioSyncReader::Read timed out, audio glitch count=6
[0211/163458:WARNING:audio_sync_reader.cc(134)] AudioSyncReader::Read timed out, audio glitch count=7
[0211/163608:WARNING:audio_sync_reader.cc(134)] AudioSyncReader::Read timed out, audio glitch count=1
[0211/163619:WARNING:spdy_session.cc(2250)] Received HEADERS for invalid stream 27
[0211/163619:WARNING:spdy_session.cc(2250)] Received HEADERS for invalid stream 33
[0211/163716:ERROR:chrome_profile_stub.cc(25)] NOT IMPLEMENTED
[0211/163716:ERROR:chrome_profile_stub.cc(25)] NOT IMPLEMENTED
[0211/163716:ERROR:chrome_profile_stub.cc(25)] NOT IMPLEMENTED
[0211/163845:ERROR:chrome_profile_stub.cc(25)] NOT IMPLEMENTED
[0211/163845:ERROR:chrome_profile_stub.cc(25)] NOT IMPLEMENTED
[0211/163845:ERROR:chrome_profile_stub.cc(25)] NOT IMPLEMENTED
[0211/163946:ERROR:chrome_profile_stub.cc(25)] NOT IMPLEMENTED
[0211/163946:ERROR:chrome_profile_stub.cc(25)] NOT IMPLEMENTED
[0211/163946:ERROR:chrome_profile_stub.cc(25)] NOT IMPLEMENTED
[0211/164002:WARNING:quota_manager.cc(1833)] Create directory failed for path
[0211/164002:WARNING:quota_manager.cc(1833)] Create directory failed for path
[0211/164003:WARNING:quota_manager.cc(1833)] Create directory failed for path
[0211/164006:WARNING:quota_manager.cc(1833)] Create directory failed for path
[0213/150837:ERROR:chrome_profile_stub.cc(25)] NOT IMPLEMENTED
[0213/150837:ERROR:chrome_profile_stub.cc(25)] NOT IMPLEMENTED
[0213/150837:ERROR:chrome_profile_stub.cc(25)] NOT IMPLEMENTED
[0213/150849:WARNING:audio_sync_reader.cc(134)] AudioSyncReader::Read timed out, audio glitch count=1
[0213/150849:WARNING:audio_sync_reader.cc(134)] AudioSyncReader::Read timed out, audio glitch count=2
[0213/150849:WARNING:audio_sync_reader.cc(134)] AudioSyncReader::Read timed out, audio glitch count=3
[0213/150849:WARNING:audio_sync_reader.cc(134)] AudioSyncReader::Read timed out, audio glitch count=4
[0213/150849:WARNING:audio_sync_reader.cc(134)] AudioSyncReader::Read timed out, audio glitch count=5
[0213/150849:WARNING:audio_sync_reader.cc(134)] AudioSyncReader::Read timed out, audio glitch count=6
[0213/150849:WARNING:audio_sync_reader.cc(134)] AudioSyncReader::Read timed out, audio glitch count=7
[0213/150849:WARNING:audio_sync_reader.cc(134)] AudioSyncReader::Read timed out, audio glitch count=8
[0213/150904:WARNING:audio_sync_reader.cc(134)] AudioSyncReader::Read timed out, audio glitch count=1
[0213/150904:WARNING:audio_sync_reader.cc(134)] AudioSyncReader::Read timed out, audio glitch count=2
[0213/150904:WARNING:audio_sync_reader.cc(134)] AudioSyncReader::Read timed out, audio glitch count=3
[0213/150904:WARNING:audio_sync_reader.cc(134)] AudioSyncReader::Read timed out, audio glitch count=4
[0213/150904:WARNING:audio_sync_reader.cc(134)] AudioSyncReader::Read timed out, audio glitch count=5
[0213/150904:WARNING:audio_sync_reader.cc(134)] AudioSyncReader::Read timed out, audio glitch count=6
[0213/150904:WARNING:audio_sync_reader.cc(134)] AudioSyncReader::Read timed out, audio glitch count=7
[0213/150905:WARNING:audio_sync_reader.cc(134)] AudioSyncReader::Read timed out, audio glitch count=8
[0213/151412:WARNING:audio_sync_reader.cc(134)] AudioSyncReader::Read timed out, audio glitch count=1
[0213/151442:WARNING:audio_sync_reader.cc(134)] AudioSyncReader::Read timed out, audio glitch count=1
[0213/151443:WARNING:audio_sync_reader.cc(134)] AudioSyncReader::Read timed out, audio glitch count=2
[0213/151443:WARNING:audio_sync_reader.cc(134)] AudioSyncReader::Read timed out, audio glitch count=3
[0213/151443:WARNING:audio_sync_reader.cc(134)] AudioSyncReader::Read timed out, audio glitch count=4
[0213/151443:WARNING:audio_sync_reader.cc(134)] AudioSyncReader::Read timed out, audio glitch count=5
[0213/151913:WARNING:audio_sync_reader.cc(134)] AudioSyncReader::Read timed out, audio glitch count=1
[0213/151913:WARNING:audio_sync_reader.cc(134)] AudioSyncReader::Read timed out, audio glitch count=2
[0213/151913:WARNING:audio_sync_reader.cc(134)] AudioSyncReader::Read timed out, audio glitch count=3
[0213/151913:WARNING:audio_sync_reader.cc(134)] AudioSyncReader::Read timed out, audio glitch count=4
[0213/152354:WARNING:audio_sync_reader.cc(134)] AudioSyncReader::Read timed out, audio glitch count=1
[0213/152354:WARNING:audio_sync_reader.cc(134)] AudioSyncReader::Read timed out, audio glitch count=2
[0213/152354:WARNING:audio_sync_reader.cc(134)] AudioSyncReader::Read timed out, audio glitch count=3
[0213/152354:WARNING:audio_sync_reader.cc(134)] AudioSyncReader::Read timed out, audio glitch count=4
[0213/152354:WARNING:audio_sync_reader.cc(134)] AudioSyncReader::Read timed out, audio glitch count=5
[0213/152354:WARNING:audio_sync_reader.cc(134)] AudioSyncReader::Read timed out, audio glitch count=6
[0213/152354:WARNING:audio_sync_reader.cc(134)] AudioSyncReader::Read timed out, audio glitch count=7
[0213/152354:WARNING:audio_sync_reader.cc(134)] AudioSyncReader::Read timed out, audio glitch count=8
[0213/152356:WARNING:audio_sync_reader.cc(134)] AudioSyncReader::Read timed out, audio glitch count=1
[0213/152357:WARNING:audio_sync_reader.cc(134)] AudioSyncReader::Read timed out, audio glitch count=2
[0213/152357:WARNING:audio_sync_reader.cc(134)] AudioSyncReader::Read timed out, audio glitch count=3
[0213/152357:WARNING:audio_sync_reader.cc(134)] AudioSyncReader::Read timed out, audio glitch count=4
[0213/152357:WARNING:audio_sync_reader.cc(134)] AudioSyncReader::Read timed out, audio glitch count=5
[0213/152357:WARNING:audio_sync_reader.cc(134)] AudioSyncReader::Read timed out, audio glitch count=6
[0213/152357:WARNING:audio_sync_reader.cc(134)] AudioSyncReader::Read timed out, audio glitch count=7
[0213/152357:WARNING:audio_sync_reader.cc(134)] AudioSyncReader::Read timed out, audio glitch count=8
[0213/152357:WARNING:audio_sync_reader.cc(134)] AudioSyncReader::Read timed out, audio glitch count=9
[0213/152357:WARNING:audio_sync_reader.cc(134)] AudioSyncReader::Read timed out, audio glitch count=10
[0213/152357:WARNING:audio_sync_reader.cc(134)] AudioSyncReader::Read timed out, audio glitch count=11
[0213/152357:WARNING:audio_sync_reader.cc(134)] AudioSyncReader::Read timed out, audio glitch count=12
[0213/152357:WARNING:audio_sync_reader.cc(134)] AudioSyncReader::Read timed out, audio glitch count=13
[0213/152357:WARNING:audio_sync_reader.cc(134)] AudioSyncReader::Read timed out, audio glitch count=14
[0213/152357:WARNING:audio_sync_reader.cc(134)] AudioSyncReader::Read timed out, audio glitch count=15
[0213/152357:WARNING:audio_sync_reader.cc(134)] AudioSyncReader::Read timed out, audio glitch count=16
[0213/152357:WARNING:audio_sync_reader.cc(134)] AudioSyncReader::Read timed out, audio glitch count=17
[0213/152357:WARNING:audio_sync_reader.cc(134)] AudioSyncReader::Read timed out, audio glitch count=18
